This file contains any messages produced by compilers while
running configure, to aid debugging if configure makes a mistake.

It was created by configure, which was
generated by GNU Autoconf 2.59.  Invocation command line was

  $ ./configure 

## --------- ##
## Platform. ##
## --------- ##

hostname = maple
uname -m = ppc
uname -r = 2.6.18-1.2766.fc6
uname -s = Linux
uname -v = #1 Wed Oct 11 15:42:40 EDT 2006

/usr/bin/uname -p = unknown
/bin/uname -X     = unknown

/bin/arch              = ppc
/usr/bin/arch -k       = unknown
/usr/convex/getsysinfo = unknown
hostinfo               = unknown
/bin/machine           = unknown
/usr/bin/oslevel       = unknown
/bin/universe          = unknown

PATH: /usr/kerberos/bin
PATH: /usr/local/bin
PATH: /usr/bin
PATH: /bin
PATH: /usr/X11R6/bin
PATH: /home/jcm/bin


## ----------- ##
## Core tests. ##
## ----------- ##

configure:1299: checking build system type
configure:1317: result: powerpc-unknown-linux-gnu
configure:1325: checking host system type
configure:1339: result: powerpc-unknown-linux-gnu
configure:1347: checking target system type
configure:1361: result: powerpc-unknown-linux-gnu
configure:1390: checking for a BSD-compatible install
configure:1445: result: /usr/bin/install -c
configure:1456: checking whether build environment is sane
configure:1499: result: yes
configure:1564: checking for gawk
configure:1580: found /usr/bin/gawk
configure:1590: result: gawk
configure:1600: checking whether make sets $(MAKE)
configure:1620: result: yes
configure:1849: checking for gcc
configure:1865: found /usr/bin/gcc
configure:1875: result: gcc
configure:2119: checking for C compiler version
configure:2122: gcc --version </dev/null >&5
gcc (GCC) 4.1.0 20060304 (Red Hat 4.1.0-3)
Copyright (C) 2006 Free Software Foundation, Inc.
This is free software; see the source for copying conditions.  There is NO
warranty; not even for MERCHANTABILITY or FITNESS FOR A PARTICULAR PURPOSE.

configure:2125: $? = 0
configure:2127: gcc -v </dev/null >&5
Using built-in specs.
Target: ppc64-redhat-linux
Configured with: ../configure --prefix=/usr --mandir=/usr/share/man --infodir=/usr/share/info --enable-shared --enable-threads=posix --enable-checking=release --with-system-zlib --enable-__cxa_atexit --disable-libunwind-exceptions --enable-libgcj-multifile --enable-languages=c,c++,objc,obj-c++,java,fortran --enable-java-awt=gtk --disable-dssi --with-java-home=/usr/lib/jvm/java-1.4.2-gcj-1.4.2.0/jre --enable-secureplt --with-long-double-128 --host=ppc64-redhat-linux --build=ppc64-redhat-linux --target=ppc64-redhat-linux --with-cpu=default32
Thread model: posix
gcc version 4.1.0 20060304 (Red Hat 4.1.0-3)
configure:2130: $? = 0
configure:2132: gcc -V </dev/null >&5
gcc: '-V' option must have argument
configure:2135: $? = 1
configure:2158: checking for C compiler default output file name
configure:2161: gcc    conftest.c  >&5
configure:2164: $? = 0
configure:2210: result: a.out
configure:2215: checking whether the C compiler works
configure:2221: ./a.out
configure:2224: $? = 0
configure:2241: result: yes
configure:2248: checking whether we are cross compiling
configure:2250: result: no
configure:2253: checking for suffix of executables
configure:2255: gcc -o conftest    conftest.c  >&5
configure:2258: $? = 0
configure:2283: result: 
configure:2289: checking for suffix of object files
configure:2310: gcc -c   conftest.c >&5
configure:2313: $? = 0
configure:2335: result: o
configure:2339: checking whether we are using the GNU C compiler
configure:2363: gcc -c   conftest.c >&5
configure:2369: $? = 0
configure:2373: test -z 
			 || test ! -s conftest.err
configure:2376: $? = 0
configure:2379: test -s conftest.o
configure:2382: $? = 0
configure:2395: result: yes
configure:2401: checking whether gcc accepts -g
configure:2422: gcc -c -g  conftest.c >&5
configure:2428: $? = 0
configure:2432: test -z 
			 || test ! -s conftest.err
configure:2435: $? = 0
configure:2438: test -s conftest.o
configure:2441: $? = 0
configure:2452: result: yes
configure:2469: checking for gcc option to accept ANSI C
configure:2539: gcc  -c -g -O2  conftest.c >&5
configure:2545: $? = 0
configure:2549: test -z 
			 || test ! -s conftest.err
configure:2552: $? = 0
configure:2555: test -s conftest.o
configure:2558: $? = 0
configure:2576: result: none needed
configure:2594: gcc -c -g -O2  conftest.c >&5
conftest.c:2: error: expected '=', ',', ';', 'asm' or '__attribute__' before 'me'
configure:2600: $? = 1
configure: failed program was:
| #ifndef __cplusplus
|   choke me
| #endif
configure:2744: checking for style of include used by make
configure:2772: result: GNU
configure:2800: checking dependency style of gcc
configure:2890: result: gcc3
configure:2924: Adding gcc options: -g -O2 -Wunused -Wall
configure:3080: creating ./config.status

## ---------------------- ##
## Running config.status. ##
## ---------------------- ##

This file was extended by config.status, which was
generated by GNU Autoconf 2.59.  Invocation command line was

  CONFIG_FILES    = 
  CONFIG_HEADERS  = 
  CONFIG_LINKS    = 
  CONFIG_COMMANDS = 
  $ ./config.status 

on maple

config.status:693: creating Makefile
config.status:876: executing depfiles commands

## ---------------- ##
## Cache variables. ##
## ---------------- ##

ac_cv_build=powerpc-unknown-linux-gnu
ac_cv_build_alias=powerpc-unknown-linux-gnu
ac_cv_c_compiler_gnu=yes
ac_cv_env_CC_set=
ac_cv_env_CC_value=
ac_cv_env_CFLAGS_set=
ac_cv_env_CFLAGS_value=
ac_cv_env_CPPFLAGS_set=
ac_cv_env_CPPFLAGS_value=
ac_cv_env_LDFLAGS_set=
ac_cv_env_LDFLAGS_value=
ac_cv_env_build_alias_set=
ac_cv_env_build_alias_value=
ac_cv_env_host_alias_set=
ac_cv_env_host_alias_value=
ac_cv_env_target_alias_set=
ac_cv_env_target_alias_value=
ac_cv_exeext=
ac_cv_host=powerpc-unknown-linux-gnu
ac_cv_host_alias=powerpc-unknown-linux-gnu
ac_cv_objext=o
ac_cv_path_install='/usr/bin/install -c'
ac_cv_prog_AWK=gawk
ac_cv_prog_ac_ct_CC=gcc
ac_cv_prog_cc_g=yes
ac_cv_prog_cc_stdc=
ac_cv_prog_make_make_set=yes
ac_cv_target=powerpc-unknown-linux-gnu
ac_cv_target_alias=powerpc-unknown-linux-gnu
am_cv_CC_dependencies_compiler_type=gcc3

## ----------------- ##
## Output variables. ##
## ----------------- ##

ACLOCAL='${SHELL} /home/jcm/mit-dev/module-init-tools-3.3-pre3/missing --run aclocal-1.9'
AMDEPBACKSLASH='\'
AMDEP_FALSE='#'
AMDEP_TRUE=''
AMTAR='${SHELL} /home/jcm/mit-dev/module-init-tools-3.3-pre3/missing --run tar'
AUTOCONF='${SHELL} /home/jcm/mit-dev/module-init-tools-3.3-pre3/missing --run autoconf'
AUTOHEADER='${SHELL} /home/jcm/mit-dev/module-init-tools-3.3-pre3/missing --run autoheader'
AUTOMAKE='${SHELL} /home/jcm/mit-dev/module-init-tools-3.3-pre3/missing --run automake-1.9'
AWK='gawk'
CC='gcc'
CCDEPMODE='depmode=gcc3'
CFLAGS='-g -O2 -Wunused -Wall'
CPPFLAGS=''
CYGPATH_W='echo'
DEFS='-DPACKAGE_NAME=\"\" -DPACKAGE_TARNAME=\"\" -DPACKAGE_VERSION=\"\" -DPACKAGE_STRING=\"\" -DPACKAGE_BUGREPORT=\"\" -DPACKAGE=\"module-init-tools\" -DVERSION=\"3.3-pre2\" '
DEPDIR='.deps'
ECHO_C=''
ECHO_N='-n'
ECHO_T=''
EXEEXT=''
INSTALL_DATA='${INSTALL} -m 644'
INSTALL_PROGRAM='${INSTALL}'
INSTALL_SCRIPT='${INSTALL}'
INSTALL_STRIP_PROGRAM='${SHELL} $(install_sh) -c -s'
LDADD=' '
LDFLAGS=''
LIBOBJS=''
LIBS=''
LTLIBOBJS=''
MAKEINFO='${SHELL} /home/jcm/mit-dev/module-init-tools-3.3-pre3/missing --run makeinfo'
MODULE_DIR=''
OBJEXT='o'
PACKAGE='module-init-tools'
PACKAGE_BUGREPORT=''
PACKAGE_NAME=''
PACKAGE_STRING=''
PACKAGE_TARNAME=''
PACKAGE_VERSION=''
PATH_SEPARATOR=':'
SET_MAKE=''
SHELL='/bin/sh'
STRIP=''
VERSION='3.3-pre2'
ac_ct_CC='gcc'
ac_ct_STRIP=''
am__fastdepCC_FALSE='#'
am__fastdepCC_TRUE=''
am__include='include'
am__leading_dot='.'
am__quote=''
am__tar='${AMTAR} chof - "$$tardir"'
am__untar='${AMTAR} xf -'
bindir='${exec_prefix}/bin'
build='powerpc-unknown-linux-gnu'
build_alias=''
build_cpu='powerpc'
build_os='linux-gnu'
build_vendor='unknown'
datadir='${prefix}/share'
exec_prefix='${prefix}'
host='powerpc-unknown-linux-gnu'
host_alias=''
host_cpu='powerpc'
host_os='linux-gnu'
host_vendor='unknown'
includedir='${prefix}/include'
infodir='${prefix}/info'
install_sh='/home/jcm/mit-dev/module-init-tools-3.3-pre3/install-sh'
libdir='${exec_prefix}/lib'
libexecdir='${exec_prefix}/libexec'
localstatedir='${prefix}/var'
mandir='${prefix}/man'
mkdir_p='mkdir -p --'
oldincludedir='/usr/include'
prefix='/usr/local'
program_transform_name='s,x,x,'
sbindir='${exec_prefix}/sbin'
sharedstatedir='${prefix}/com'
sysconfdir='${prefix}/etc'
target='powerpc-unknown-linux-gnu'
target_alias=''
target_cpu='powerpc'
target_os='linux-gnu'
target_vendor='unknown'

## ----------- ##
## confdefs.h. ##
## ----------- ##

#define PACKAGE "module-init-tools"
#define PACKAGE_BUGREPORT ""
#define PACKAGE_NAME ""
#define PACKAGE_STRING ""
#define PACKAGE_TARNAME ""
#define PACKAGE_VERSION ""
#define VERSION "3.3-pre2"

configure: exit 0
